<?xml version="1.0" encoding="UTF-8"?>
<!--
  #%L
  Project:  oib-rest-responder
  Director: Guilherme Del Fiol, MD, PhD
            University of Utah
            Biomedical Informatics
            421 Wakara Way, Suite 140
            Salt Lake City, UT 84108-3514
  Phone:    801-581-4080
  %%
  Copyright (C) 2010 - 2014 University of Utah
  %%
  Licensed under the Apache License, Version 2.0 (the "License");
  you may not use this file except in compliance with the License.
  You may obtain a copy of the License at
  
       http://www.apache.org/licenses/LICENSE-2.0
  
  Unless required by applicable law or agreed to in writing, software
  distributed under the License is distributed on an "AS IS" BASIS,
  WITHOUT WARRANTIES OR CONDITIONS OF ANY KIND, either express or implied.
  See the License for the specific language governing permissions and
  limitations under the License.
  #L%
  -->

<beans xmlns="http://www.springframework.org/schema/beans"
       xmlns:xsi="http://www.w3.org/2001/XMLSchema-instance" 
       xmlns:context="http://www.springframework.org/schema/context"
       xmlns:tx="http://www.springframework.org/schema/tx"
       xmlns:p="http://www.springframework.org/schema/p"
       xmlns:mvc="http://www.springframework.org/schema/mvc"
       xmlns:jdbc="http://www.springframework.org/schema/jdbc"
       xsi:schemaLocation="
    http://www.springframework.org/schema/beans
    http://www.springframework.org/schema/beans/spring-beans-3.0.xsd
    http://www.springframework.org/schema/context
    http://www.springframework.org/schema/context/spring-context-3.0.xsd 
    http://www.springframework.org/schema/tx 
    http://www.springframework.org/schema/tx/spring-tx.xsd
    http://www.springframework.org/schema/mvc
    http://www.springframework.org/schema/mvc/spring-mvc-3.0.xsd
    http://www.springframework.org/schema/jdbc
    http://www.springframework.org/schema/jdbc/spring-jdbc-3.0.xsd">
    
    <tx:annotation-driven />
    <context:component-scan base-package="org.openinfobutton"/>
    
    <bean class="org.springframework.web.servlet.view.InternalResourceViewResolver">
        <property name="prefix">
            <value>/WEB-INF/pages/</value>
        </property>
        <property name="suffix">
            <value>.jsp</value>
        </property>
    </bean>
    
    <bean id="utsProperties"
          class="org.springframework.beans.factory.config.PropertiesFactoryBean"/>

    <bean id="dataSource"
          class="org.apache.commons.dbcp.BasicDataSource" destroy-method="close"
          p:driverClassName="org.hsqldb.jdbc.JDBCDriver"
          p:url="jdbc:hsqldb:mem:testdb;shutdown=false" 
          p:username="SA"
          p:password="" />
    
<!--    <jdbc:embedded-database id="dataSource" type="HSQL">
        <jdbc:script location="classpath:createTestDb.sql"/>
        <jdbc:script location="classpath:addTestData.sql"/>
    </jdbc:embedded-database>-->
    
    <bean id="sessionFactory"
          class="org.springframework.orm.hibernate4.LocalSessionFactoryBean">
        <property name="dataSource" ref="dataSource" />
        <property name="hibernateProperties">
            <props>
                <prop key="hibernate.dialect">org.hibernate.dialect.HSQLDialect</prop>
                <prop key="hibernate.show_sql">true</prop>
                <prop key="hibernate.hbm2ddl.auto">update</prop>
            </props>
        </property>
        <property name="packagesToScan" value="org.openinfobutton"/>
    </bean>
    
    <bean id="transactionManager" 
          class="org.springframework.orm.hibernate4.HibernateTransactionManager" 
          p:sessionFactory-ref="sessionFactory"/>

</beans>
